{'name': 'root', 'msg': 'Mensaje a nivel debug', 'args': (), 'levelname': 'DEBUG', 'levelno': 10, 'pathname': 'C:\\Users\\Usuario\\Desktop\\ClicOH\\Programacion\\FastAPI\\Prueba-CRUD\\logger.py', 'filename': 'logger.py', 'module': 'logger', 'exc_info': None, 'exc_text': None, 'stack_info': None, 'lineno': 14, 'funcName': '<module>', 'created': 1679061949.703206, 'msecs': 703.0, 'relativeCreated': 2.518892288208008, 'thread': 31644, 'threadName': 'MainThread', 'processName': 'MainProcess', 'process': 29348, 'message': 'Mensaje a nivel debug'}sc(time)s: DEBUG [logger.py: 14] Mensaje a nivel debug
{'name': 'root', 'msg': 'Mensaje a nivel info', 'args': (), 'levelname': 'INFO', 'levelno': 20, 'pathname': 'C:\\Users\\Usuario\\Desktop\\ClicOH\\Programacion\\FastAPI\\Prueba-CRUD\\logger.py', 'filename': 'logger.py', 'module': 'logger', 'exc_info': None, 'exc_text': None, 'stack_info': None, 'lineno': 15, 'funcName': '<module>', 'created': 1679061949.703206, 'msecs': 703.0, 'relativeCreated': 2.518892288208008, 'thread': 31644, 'threadName': 'MainThread', 'processName': 'MainProcess', 'process': 29348, 'message': 'Mensaje a nivel info'}sc(time)s: INFO [logger.py: 15] Mensaje a nivel info
{'name': 'root', 'msg': 'Mensaje a nivel warning', 'args': (), 'levelname': 'WARNING', 'levelno': 30, 'pathname': 'C:\\Users\\Usuario\\Desktop\\ClicOH\\Programacion\\FastAPI\\Prueba-CRUD\\logger.py', 'filename': 'logger.py', 'module': 'logger', 'exc_info': None, 'exc_text': None, 'stack_info': None, 'lineno': 16, 'funcName': '<module>', 'created': 1679061949.703206, 'msecs': 703.0, 'relativeCreated': 2.518892288208008, 'thread': 31644, 'threadName': 'MainThread', 'processName': 'MainProcess', 'process': 29348, 'message': 'Mensaje a nivel warning'}sc(time)s: WARNING [logger.py: 16] Mensaje a nivel warning
{'name': 'root', 'msg': 'Mensaje a nivel error', 'args': (), 'levelname': 'ERROR', 'levelno': 40, 'pathname': 'C:\\Users\\Usuario\\Desktop\\ClicOH\\Programacion\\FastAPI\\Prueba-CRUD\\logger.py', 'filename': 'logger.py', 'module': 'logger', 'exc_info': None, 'exc_text': None, 'stack_info': None, 'lineno': 17, 'funcName': '<module>', 'created': 1679061949.703206, 'msecs': 703.0, 'relativeCreated': 2.518892288208008, 'thread': 31644, 'threadName': 'MainThread', 'processName': 'MainProcess', 'process': 29348, 'message': 'Mensaje a nivel error'}sc(time)s: ERROR [logger.py: 17] Mensaje a nivel error
{'name': 'root', 'msg': 'Mensaje a nivel critical', 'args': (), 'levelname': 'CRITICAL', 'levelno': 50, 'pathname': 'C:\\Users\\Usuario\\Desktop\\ClicOH\\Programacion\\FastAPI\\Prueba-CRUD\\logger.py', 'filename': 'logger.py', 'module': 'logger', 'exc_info': None, 'exc_text': None, 'stack_info': None, 'lineno': 18, 'funcName': '<module>', 'created': 1679061949.703206, 'msecs': 703.0, 'relativeCreated': 2.518892288208008, 'thread': 31644, 'threadName': 'MainThread', 'processName': 'MainProcess', 'process': 29348, 'message': 'Mensaje a nivel critical'}sc(time)s: CRITICAL [logger.py: 18] Mensaje a nivel critical
11:08:13 AM: DEBUG [logger.py:14] Mensaje a nivel debug
11:08:13 AM: INFO [logger.py:15] Mensaje a nivel info
11:08:13 AM: WARNING [logger.py:16] Mensaje a nivel warning
11:08:13 AM: ERROR [logger.py:17] Mensaje a nivel error
11:08:13 AM: CRITICAL [logger.py:18] Mensaje a nivel critical
04:11:21 PM: DEBUG [DBConnection.py:27] Connected successfully to DB: <connection object at 0x00000249BA8D28A0; dsn: 'user=postgres password=xxx dbname=Personas host=localhost port=5432', closed: 0>
04:11:21 PM: DEBUG [DBConnection.py:40] Cursor opened correctly <cursor object at 0x00000249BC3F83C0; closed: 0>
04:11:32 PM: DEBUG [DBConnection.py:27] Connected successfully to DB: <connection object at 0x000002321A22E8A0; dsn: 'user=postgres password=xxx dbname=Personas host=localhost port=5432', closed: 0>
04:11:32 PM: DEBUG [DBConnection.py:40] Cursor opened correctly <cursor object at 0x000002321A27BD80; closed: 0>
04:11:32 PM: DEBUG [DAO_Product.py:23] [<BusinessLogic.Product.Product object at 0x000002321BD36190>, <BusinessLogic.Product.Product object at 0x000002321BD36110>, <BusinessLogic.Product.Product object at 0x000002321BD36090>]
04:12:37 PM: DEBUG [DBConnection.py:27] Connected successfully to DB: <connection object at 0x00000205C07EE8A0; dsn: 'user=postgres password=xxx dbname=Personas host=localhost port=5432', closed: 0>
04:12:37 PM: DEBUG [DBConnection.py:40] Cursor opened correctly <cursor object at 0x00000205C2348040; closed: 0>
04:12:37 PM: DEBUG [DAO_Product.py:23] [<BusinessLogic.Product.Product object at 0x00000205C2345D50>, <BusinessLogic.Product.Product object at 0x00000205C2345F90>, <BusinessLogic.Product.Product object at 0x00000205C2345F50>]
04:14:47 PM: DEBUG [DBConnection.py:27] Connected successfully to DB: <connection object at 0x0000023430A4E8A0; dsn: 'user=postgres password=xxx dbname=Personas host=localhost port=5432', closed: 0>
04:14:47 PM: DEBUG [DBConnection.py:40] Cursor opened correctly <cursor object at 0x0000023430A9BD80; closed: 0>
04:14:47 PM: DEBUG [DAO_Product.py:23] [<BusinessLogic.Product.Product object at 0x00000234325560D0>, <BusinessLogic.Product.Product object at 0x0000023432556050>, <BusinessLogic.Product.Product object at 0x0000023432555FD0>]
04:15:23 PM: DEBUG [DBConnection.py:27] Connected successfully to DB: <connection object at 0x000001E9ABB0E8A0; dsn: 'user=postgres password=xxx dbname=Personas host=localhost port=5432', closed: 0>
04:15:23 PM: DEBUG [DBConnection.py:40] Cursor opened correctly <cursor object at 0x000001E9ABB5BD80; closed: 0>
04:15:23 PM: DEBUG [DAO_Product.py:23] [<BusinessLogic.Product.Product object at 0x000001E9AD638F50>, <BusinessLogic.Product.Product object at 0x000001E9AD638F90>, <BusinessLogic.Product.Product object at 0x000001E9AD639110>]
04:37:25 PM: DEBUG [DBConnection.py:27] Connected successfully to DB: <connection object at 0x0000022D2DD6E8A0; dsn: 'user=postgres password=xxx dbname=Personas host=localhost port=5432', closed: 0>
04:37:25 PM: DEBUG [DBConnection.py:40] Cursor opened correctly <cursor object at 0x0000022D2DDBBD80; closed: 0>
04:37:25 PM: DEBUG [DAO_Product.py:22] [<BusinessLogic.Product.Product object at 0x0000022D2F8A60D0>, <BusinessLogic.Product.Product object at 0x0000022D2F8A6050>, <BusinessLogic.Product.Product object at 0x0000022D2F8A6290>]
01:59:16 AM: DEBUG [DBConnection.py:27] Connected successfully to DB: <connection object at 0x0000016D32DF9CF0; dsn: 'user=postgres password=xxx dbname=Personas host=localhost port=5432', closed: 0>
01:59:16 AM: DEBUG [DBConnection.py:40] Cursor opened correctly <cursor object at 0x0000016D32E12DC0; closed: 0>
02:13:37 AM: DEBUG [DBConnection.py:27] Connected successfully to DB: <connection object at 0x000001ECC37EB010; dsn: 'user=postgres password=xxx dbname=Personas host=localhost port=5432', closed: 0>
02:13:37 AM: DEBUG [DBConnection.py:40] Cursor opened correctly <cursor object at 0x000001ECC3802DC0; closed: 0>
02:15:07 AM: DEBUG [DBConnection.py:27] Connected successfully to DB: <connection object at 0x000002128232E8A0; dsn: 'user=postgres password=xxx dbname=Personas host=localhost port=5432', closed: 0>
02:15:07 AM: DEBUG [DBConnection.py:40] Cursor opened correctly <cursor object at 0x000002128237BA00; closed: 0>
02:15:11 AM: DEBUG [DBConnection.py:27] Connected successfully to DB: <connection object at 0x000001C44D2FF9A0; dsn: 'user=postgres password=xxx dbname=Personas host=localhost port=5432', closed: 0>
02:15:11 AM: DEBUG [DBConnection.py:40] Cursor opened correctly <cursor object at 0x000001C44D28B5A0; closed: 0>
02:16:14 AM: DEBUG [DBConnection.py:27] Connected successfully to DB: <connection object at 0x0000029878ACF9A0; dsn: 'user=postgres password=xxx dbname=Personas host=localhost port=5432', closed: 0>
02:16:14 AM: DEBUG [DBConnection.py:40] Cursor opened correctly <cursor object at 0x0000029878A5BAE0; closed: 0>
02:20:00 AM: DEBUG [DBConnection.py:27] Connected successfully to DB: <connection object at 0x0000026C448AF9A0; dsn: 'user=postgres password=xxx dbname=Personas host=localhost port=5432', closed: 0>
02:20:00 AM: DEBUG [DBConnection.py:40] Cursor opened correctly <cursor object at 0x0000026C4483BAE0; closed: 0>
02:26:55 AM: DEBUG [DBConnection.py:27] Connected successfully to DB: <connection object at 0x00000165414CF9A0; dsn: 'user=postgres password=xxx dbname=Personas host=localhost port=5432', closed: 0>
02:26:55 AM: DEBUG [DBConnection.py:40] Cursor opened correctly <cursor object at 0x000001654145BCA0; closed: 0>
02:28:22 AM: DEBUG [DBConnection.py:27] Connected successfully to DB: <connection object at 0x000002406334F9A0; dsn: 'user=postgres password=xxx dbname=Personas host=localhost port=5432', closed: 0>
02:28:22 AM: DEBUG [DBConnection.py:40] Cursor opened correctly <cursor object at 0x00000240632DB5A0; closed: 0>
02:35:37 AM: DEBUG [DBConnection.py:27] Connected successfully to DB: <connection object at 0x000001CAD371FAB0; dsn: 'user=postgres password=xxx dbname=Personas host=localhost port=5432', closed: 0>
02:35:37 AM: DEBUG [DBConnection.py:40] Cursor opened correctly <cursor object at 0x000001CAD36AB680; closed: 0>
02:37:25 AM: DEBUG [DBConnection.py:27] Connected successfully to DB: <connection object at 0x0000021C9CFEB120; dsn: 'user=postgres password=xxx dbname=Personas host=localhost port=5432', closed: 0>
02:37:25 AM: DEBUG [DBConnection.py:40] Cursor opened correctly <cursor object at 0x0000021C9D002DC0; closed: 0>
02:40:49 AM: DEBUG [DBConnection.py:27] Connected successfully to DB: <connection object at 0x000001568D8EB120; dsn: 'user=postgres password=xxx dbname=Personas host=localhost port=5432', closed: 0>
02:40:49 AM: DEBUG [DBConnection.py:40] Cursor opened correctly <cursor object at 0x000001568D902DC0; closed: 0>
02:46:31 AM: DEBUG [DBConnection.py:27] Connected successfully to DB: <connection object at 0x00000288229DB120; dsn: 'user=postgres password=xxx dbname=Personas host=localhost port=5432', closed: 0>
02:46:31 AM: DEBUG [DBConnection.py:40] Cursor opened correctly <cursor object at 0x00000288229F2F80; closed: 0>
02:48:56 AM: DEBUG [DBConnection.py:27] Connected successfully to DB: <connection object at 0x0000021A88ADB120; dsn: 'user=postgres password=xxx dbname=Personas host=localhost port=5432', closed: 0>
02:48:56 AM: DEBUG [DBConnection.py:40] Cursor opened correctly <cursor object at 0x0000021A88AF2C00; closed: 0>
03:00:15 AM: DEBUG [DBConnection.py:27] Connected successfully to DB: <connection object at 0x0000018A7EBAB230; dsn: 'user=postgres password=xxx dbname=Personas host=localhost port=5432', closed: 0>
03:00:15 AM: DEBUG [DBConnection.py:40] Cursor opened correctly <cursor object at 0x0000018A7EBC2F80; closed: 0>
03:02:17 AM: DEBUG [DBConnection.py:27] Connected successfully to DB: <connection object at 0x000001C3D215B120; dsn: 'user=postgres password=xxx dbname=Personas host=localhost port=5432', closed: 0>
03:02:17 AM: DEBUG [DBConnection.py:40] Cursor opened correctly <cursor object at 0x000001C3D2172DC0; closed: 0>
10:51:00 AM: DEBUG [DBConnection.py:27] Connected successfully to DB: <connection object at 0x00000144E570CBF0; dsn: 'user=postgres password=xxx dbname=Personas host=localhost port=5432', closed: 0>
10:51:00 AM: DEBUG [DBConnection.py:40] Cursor opened correctly <cursor object at 0x00000144E567BAE0; closed: 0>
10:52:06 AM: DEBUG [DBConnection.py:27] Connected successfully to DB: <connection object at 0x0000024707F1FDE0; dsn: 'user=postgres password=xxx dbname=Personas host=localhost port=5432', closed: 0>
10:52:06 AM: DEBUG [DBConnection.py:40] Cursor opened correctly <cursor object at 0x0000024707FE8580; closed: 0>
10:53:45 AM: DEBUG [DBConnection.py:27] Connected successfully to DB: <connection object at 0x000001E4A0ADF120; dsn: 'user=postgres password=xxx dbname=Personas host=localhost port=5432', closed: 0>
10:53:45 AM: DEBUG [DBConnection.py:40] Cursor opened correctly <cursor object at 0x000001E4A0BA97E0; closed: 0>
10:54:23 AM: DEBUG [Product.py:48] ID 1 | TITLE: Motosierra | CREATED AT 17/03/2023  
10:54:50 AM: DEBUG [DBConnection.py:27] Connected successfully to DB: <connection object at 0x000001894470CBF0; dsn: 'user=postgres password=xxx dbname=Personas host=localhost port=5432', closed: 0>
10:54:50 AM: DEBUG [DBConnection.py:40] Cursor opened correctly <cursor object at 0x000001894467BD80; closed: 0>
10:54:50 AM: DEBUG [DAO_Product.py:25] Persona insertada: ID None | TITLE: Taza de marmol | CREATED AT 2023-03-20 10:54:50.142665  
10:58:38 AM: DEBUG [DBConnection.py:27] Connected successfully to DB: <connection object at 0x000001D4DBE5FCD0; dsn: 'user=postgres password=xxx dbname=Personas host=localhost port=5432', closed: 0>
10:58:38 AM: DEBUG [DBConnection.py:40] Cursor opened correctly <cursor object at 0x000001D4DBF28580; closed: 0>
10:58:38 AM: DEBUG [DAO_Product.py:25] Product inserted: ID None | TITLE: Taza de marmol | CREATED AT 2023-03-20 10:58:37.939527  
11:13:47 AM: DEBUG [DBConnection.py:27] Connected successfully to DB: <connection object at 0x0000023F15714D00; dsn: 'user=postgres password=xxx dbname=Personas host=localhost port=5432', closed: 0>
11:14:29 AM: DEBUG [DBConnection.py:40] Cursor opened correctly <cursor object at 0x0000023F156E9D20; closed: 0>
11:19:42 AM: DEBUG [DBConnection.py:27] Connected successfully to DB: <connection object at 0x0000019C075DFCD0; dsn: 'user=postgres password=xxx dbname=Personas host=localhost port=5432', closed: 0>
11:19:42 AM: DEBUG [DBConnection.py:40] Cursor opened correctly <cursor object at 0x0000019C0756B4C0; closed: 0>
11:20:25 AM: DEBUG [DBConnection.py:27] Connected successfully to DB: <connection object at 0x000001C8553FFCD0; dsn: 'user=postgres password=xxx dbname=Personas host=localhost port=5432', closed: 0>
11:20:25 AM: DEBUG [DBConnection.py:40] Cursor opened correctly <cursor object at 0x000001C85538B140; closed: 0>
11:20:36 AM: DEBUG [DAO_Product.py:25] Product inserted: ID None | TITLE: Taza de marmol | CREATED AT None  
11:28:33 AM: DEBUG [DBConnection.py:27] Connected successfully to DB: <connection object at 0x000001EA57C759C0; dsn: 'user=postgres password=xxx dbname=Personas host=localhost port=5432', closed: 0>
11:28:33 AM: DEBUG [DBConnection.py:40] Cursor opened correctly <cursor object at 0x000001EA57D3C120; closed: 0>
11:28:33 AM: DEBUG [DAO_Product.py:25] Product inserted: ID None | TITLE: Taza de marmol | CREATED AT None  
11:29:09 AM: DEBUG [DBConnection.py:27] Connected successfully to DB: <connection object at 0x00000275E7C0CD00; dsn: 'user=postgres password=xxx dbname=Personas host=localhost port=5432', closed: 0>
11:29:09 AM: DEBUG [DBConnection.py:40] Cursor opened correctly <cursor object at 0x00000275E7B7BAE0; closed: 0>
11:29:09 AM: DEBUG [DAO_Product.py:25] Product inserted: ID None | TITLE: Taza de marmol | CREATED AT None  
11:29:34 AM: DEBUG [DBConnection.py:27] Connected successfully to DB: <connection object at 0x000001DCC5E8FDE0; dsn: 'user=postgres password=xxx dbname=Personas host=localhost port=5432', closed: 0>
11:29:34 AM: DEBUG [DBConnection.py:40] Cursor opened correctly <cursor object at 0x000001DCC5E1B140; closed: 0>
11:29:34 AM: DEBUG [DAO_Product.py:25] Product inserted: ID None | TITLE: Taza de marmol | CREATED AT None  
11:31:36 AM: DEBUG [DBConnection.py:27] Connected successfully to DB: <connection object at 0x00000151BE12CD00; dsn: 'user=postgres password=xxx dbname=Personas host=localhost port=5432', closed: 0>
11:31:36 AM: DEBUG [DBConnection.py:40] Cursor opened correctly <cursor object at 0x00000151BE0A7A00; closed: 0>
11:31:36 AM: DEBUG [DAO_Product.py:25] Product inserted: ID None | TITLE: Taza de marmol | CREATED AT None  
11:31:56 AM: DEBUG [DBConnection.py:27] Connected successfully to DB: <connection object at 0x000001E649B2FDE0; dsn: 'user=postgres password=xxx dbname=Personas host=localhost port=5432', closed: 0>
11:31:56 AM: DEBUG [DBConnection.py:40] Cursor opened correctly <cursor object at 0x000001E649ABBD80; closed: 0>
11:31:56 AM: DEBUG [DAO_Product.py:25] Product inserted: ID None | TITLE: Taza de marmol | CREATED AT None  
11:33:02 AM: DEBUG [DBConnection.py:27] Connected successfully to DB: <connection object at 0x0000020448EEFDE0; dsn: 'user=postgres password=xxx dbname=Personas host=localhost port=5432', closed: 0>
11:33:02 AM: DEBUG [DBConnection.py:40] Cursor opened correctly <cursor object at 0x0000020448E7BD80; closed: 0>
11:33:02 AM: DEBUG [DAO_Product.py:25] Product inserted: ID None | TITLE: Taza de marmol | CREATED AT None  
11:36:14 AM: DEBUG [DBConnection.py:27] Connected successfully to DB: <connection object at 0x000001F493DCFDE0; dsn: 'user=postgres password=xxx dbname=Personas host=localhost port=5432', closed: 0>
11:36:14 AM: DEBUG [DBConnection.py:40] Cursor opened correctly <cursor object at 0x000001F493D5BD80; closed: 0>
11:36:14 AM: DEBUG [DAO_Product.py:25] Product inserted: ID None | TITLE: Taza de marmol | CREATED AT None  
11:50:24 AM: DEBUG [DBConnection.py:27] Connected successfully to DB: <connection object at 0x0000024D6867CD00; dsn: 'user=postgres password=xxx dbname=Personas host=localhost port=5432', closed: 0>
11:50:24 AM: DEBUG [DBConnection.py:40] Cursor opened correctly <cursor object at 0x0000024D685F7A00; closed: 0>
11:50:24 AM: DEBUG [DAO_Product.py:25] Product inserted: ID None | TITLE: Teclado mecanico | CREATED AT None  
11:51:02 AM: DEBUG [DBConnection.py:27] Connected successfully to DB: <connection object at 0x000002748905CD00; dsn: 'user=postgres password=xxx dbname=Personas host=localhost port=5432', closed: 0>
11:51:02 AM: DEBUG [DBConnection.py:40] Cursor opened correctly <cursor object at 0x0000027488FD7A00; closed: 0>
11:51:02 AM: DEBUG [DAO_Product.py:25] Product inserted: ID None | TITLE: Panda de juguete | CREATED AT None  
11:51:24 AM: DEBUG [DBConnection.py:27] Connected successfully to DB: <connection object at 0x0000028292F1CD00; dsn: 'user=postgres password=xxx dbname=Personas host=localhost port=5432', closed: 0>
11:51:24 AM: DEBUG [DBConnection.py:40] Cursor opened correctly <cursor object at 0x0000028292E97A00; closed: 0>
11:51:24 AM: DEBUG [DAO_Product.py:25] Product inserted: ID None | TITLE: Panda de juguete | CREATED AT None  
11:58:03 AM: DEBUG [DBConnection.py:27] Connected successfully to DB: <connection object at 0x0000029262DE8BF0; dsn: 'user=postgres password=xxx dbname=Personas host=localhost port=5432', closed: 0>
11:58:03 AM: DEBUG [DBConnection.py:40] Cursor opened correctly <cursor object at 0x0000029262D5BAE0; closed: 0>
11:58:03 AM: DEBUG [DAO_Product.py:25] Product inserted: ID None | TITLE: Vaso de plastico | CREATED AT None  
11:58:35 AM: DEBUG [DBConnection.py:27] Connected successfully to DB: <connection object at 0x00000164AF2C8BF0; dsn: 'user=postgres password=xxx dbname=Personas host=localhost port=5432', closed: 0>
11:58:35 AM: DEBUG [DBConnection.py:40] Cursor opened correctly <cursor object at 0x00000164AF247A00; closed: 0>
11:58:35 AM: DEBUG [DAO_Product.py:25] Product inserted: ID None | TITLE: Vaso de plastico | CREATED AT None  
01:12:00 PM: DEBUG [DBConnection.py:27] Connected successfully to DB: <connection object at 0x0000019080970370; dsn: 'user=postgres password=xxx dbname=Personas host=localhost port=5432', closed: 0>
01:12:00 PM: DEBUG [DBConnection.py:40] Cursor opened correctly <cursor object at 0x000001908080B140; closed: 0>
01:12:00 PM: DEBUG [DAO_Product.py:33] Product updated: 3
01:12:38 PM: DEBUG [DBConnection.py:27] Connected successfully to DB: <connection object at 0x000001D514F1CF20; dsn: 'user=postgres password=xxx dbname=Personas host=localhost port=5432', closed: 0>
01:12:38 PM: DEBUG [DBConnection.py:40] Cursor opened correctly <cursor object at 0x000001D514E8BAE0; closed: 0>
01:12:38 PM: DEBUG [DAO_Product.py:24] Product inserted: ID None | TITLE: Vaso de plastico 2 | CREATED AT None  
01:14:58 PM: DEBUG [DBConnection.py:27] Connected successfully to DB: <connection object at 0x000001D7CC9CCF20; dsn: 'user=postgres password=xxx dbname=Personas host=localhost port=5432', closed: 0>
01:14:58 PM: DEBUG [DBConnection.py:40] Cursor opened correctly <cursor object at 0x000001D7CC93BAE0; closed: 0>
01:14:58 PM: DEBUG [DAO_Product.py:24] Product inserted: ID None | TITLE: Vaso de plastico 2 | CREATED AT None  
01:16:53 PM: DEBUG [DBConnection.py:27] Connected successfully to DB: <connection object at 0x000001E7A4C7C9D0; dsn: 'user=postgres password=xxx dbname=Personas host=localhost port=5432', closed: 0>
01:16:53 PM: DEBUG [DBConnection.py:40] Cursor opened correctly <cursor object at 0x000001E7A4BEBBC0; closed: 0>
01:16:53 PM: DEBUG [DAO_Product.py:32] Product updated: 3
01:21:01 PM: DEBUG [DBConnection.py:27] Connected successfully to DB: <connection object at 0x000001EE8FE858B0; dsn: 'user=postgres password=xxx dbname=Personas host=localhost port=5432', closed: 0>
01:21:01 PM: DEBUG [DBConnection.py:40] Cursor opened correctly <cursor object at 0x000001EE8FF4C200; closed: 0>
01:21:01 PM: DEBUG [DAO_Product.py:24] Product inserted: ID None | TITLE: Vaso de plastico 3 | CREATED AT None  
01:23:15 PM: DEBUG [DBConnection.py:27] Connected successfully to DB: <connection object at 0x00000189866AC9D0; dsn: 'user=postgres password=xxx dbname=Personas host=localhost port=5432', closed: 0>
01:23:15 PM: DEBUG [DBConnection.py:40] Cursor opened correctly <cursor object at 0x000001898661BBC0; closed: 0>
01:23:15 PM: DEBUG [DAO_Product.py:31] Product updated: 7
01:24:04 PM: DEBUG [DBConnection.py:27] Connected successfully to DB: <connection object at 0x000002482769C9D0; dsn: 'user=postgres password=xxx dbname=Personas host=localhost port=5432', closed: 0>
01:24:04 PM: DEBUG [DBConnection.py:40] Cursor opened correctly <cursor object at 0x000002482760BBC0; closed: 0>
01:24:04 PM: DEBUG [DAO_Product.py:31] Product updated: 2
01:25:02 PM: DEBUG [DBConnection.py:27] Connected successfully to DB: <connection object at 0x0000018B2416C9D0; dsn: 'user=postgres password=xxx dbname=Personas host=localhost port=5432', closed: 0>
01:25:02 PM: DEBUG [DBConnection.py:40] Cursor opened correctly <cursor object at 0x0000018B240DBBC0; closed: 0>
01:25:02 PM: DEBUG [DAO_Product.py:31] Product updated: 999
01:42:36 PM: DEBUG [DBConnection.py:27] Connected successfully to DB: <connection object at 0x00000246132DC9D0; dsn: 'user=postgres password=xxx dbname=Personas host=localhost port=5432', closed: 0>
01:42:36 PM: DEBUG [DBConnection.py:40] Cursor opened correctly <cursor object at 0x000002461324FAE0; closed: 0>
01:42:36 PM: DEBUG [DAO_Product.py:36] Product you're trying to update doesnt exist: 999
01:04:37 AM: DEBUG [DBConnection.py:27] Connected successfully to DB: <connection object at 0x0000028A049AC9D0; dsn: 'user=postgres password=xxx dbname=Personas host=localhost port=5432', closed: 0>
01:04:37 AM: DEBUG [DBConnection.py:40] Cursor opened correctly <cursor object at 0x0000028A0491FAE0; closed: 0>
01:04:43 AM: DEBUG [DBConnection.py:27] Connected successfully to DB: <connection object at 0x0000017C3E88C9D0; dsn: 'user=postgres password=xxx dbname=Personas host=localhost port=5432', closed: 0>
01:04:43 AM: DEBUG [DBConnection.py:40] Cursor opened correctly <cursor object at 0x0000017C3E7FFAE0; closed: 0>
01:05:11 AM: DEBUG [DBConnection.py:27] Connected successfully to DB: <connection object at 0x00000204C500C9D0; dsn: 'user=postgres password=xxx dbname=Personas host=localhost port=5432', closed: 0>
01:05:11 AM: DEBUG [DBConnection.py:40] Cursor opened correctly <cursor object at 0x00000204C4F7FAE0; closed: 0>
01:05:17 AM: DEBUG [DBConnection.py:27] Connected successfully to DB: <connection object at 0x000001F9DDC0C9D0; dsn: 'user=postgres password=xxx dbname=Personas host=localhost port=5432', closed: 0>
01:05:17 AM: DEBUG [DBConnection.py:40] Cursor opened correctly <cursor object at 0x000001F9DDB7FAE0; closed: 0>
01:05:24 AM: DEBUG [DBConnection.py:27] Connected successfully to DB: <connection object at 0x000001C2B95BC9D0; dsn: 'user=postgres password=xxx dbname=Personas host=localhost port=5432', closed: 0>
01:05:24 AM: DEBUG [DBConnection.py:40] Cursor opened correctly <cursor object at 0x000001C2B952FAE0; closed: 0>
01:24:46 AM: DEBUG [DBConnection.py:27] Connected successfully to DB: <connection object at 0x000001FB49EAB120; dsn: 'user=postgres password=xxx dbname=Personas host=localhost port=5432', closed: 0>
01:24:46 AM: DEBUG [DBConnection.py:40] Cursor opened correctly <cursor object at 0x000001FB49EC2DC0; closed: 0>
12:54:22 PM: DEBUG [DBConnection.py:27] Connected successfully to DB: <connection object at 0x000001A86D6E9F10; dsn: 'user=postgres password=xxx dbname=Personas host=localhost port=5432', closed: 0>
12:54:22 PM: DEBUG [DBConnection.py:40] Cursor opened correctly <cursor object at 0x000001A86D703D80; closed: 0>
12:56:03 PM: DEBUG [DBConnection.py:27] Connected successfully to DB: <connection object at 0x00000194CAC9A460; dsn: 'user=postgres password=xxx dbname=Personas host=localhost port=5432', closed: 0>
12:56:03 PM: DEBUG [DBConnection.py:40] Cursor opened correctly <cursor object at 0x00000194CACB0660; closed: 0>
01:01:31 PM: DEBUG [DBConnection.py:27] Connected successfully to DB: <connection object at 0x0000013B40A75690; dsn: 'user=postgres password=xxx dbname=Personas host=localhost port=5432', closed: 0>
01:01:31 PM: DEBUG [DBConnection.py:40] Cursor opened correctly <cursor object at 0x0000013B3F012DC0; closed: 0>
01:01:47 PM: DEBUG [DBConnection.py:27] Connected successfully to DB: <connection object at 0x000002BF87D1C9D0; dsn: 'user=postgres password=xxx dbname=Personas host=localhost port=5432', closed: 0>
01:01:47 PM: DEBUG [DBConnection.py:40] Cursor opened correctly <cursor object at 0x000002BF87C8AEA0; closed: 0>
01:02:08 PM: DEBUG [DBConnection.py:27] Connected successfully to DB: <connection object at 0x000001FAF791C9D0; dsn: 'user=postgres password=xxx dbname=Personas host=localhost port=5432', closed: 0>
01:02:08 PM: DEBUG [DBConnection.py:40] Cursor opened correctly <cursor object at 0x000001FAF788AEA0; closed: 0>
01:02:20 PM: DEBUG [DBConnection.py:27] Connected successfully to DB: <connection object at 0x000002669A85FAB0; dsn: 'user=postgres password=xxx dbname=Personas host=localhost port=5432', closed: 0>
01:02:20 PM: DEBUG [DBConnection.py:40] Cursor opened correctly <cursor object at 0x000002669A7EBE60; closed: 0>
01:05:52 PM: DEBUG [DBConnection.py:27] Connected successfully to DB: <connection object at 0x0000029F7559FAB0; dsn: 'user=postgres password=xxx dbname=Personas host=localhost port=5432', closed: 0>
01:06:31 PM: DEBUG [DBConnection.py:40] Cursor opened correctly <cursor object at 0x0000029F756697E0; closed: 0>
01:10:22 PM: DEBUG [DBConnection.py:27] Connected successfully to DB: <connection object at 0x0000022C0281FAB0; dsn: 'user=postgres password=xxx dbname=Personas host=localhost port=5432', closed: 0>
01:10:22 PM: DEBUG [DBConnection.py:40] Cursor opened correctly <cursor object at 0x0000022C028D9C40; closed: 0>
01:10:50 PM: DEBUG [DBConnection.py:40] Cursor opened correctly <cursor object at 0x0000022C028DAA40; closed: 0>
01:11:21 PM: DEBUG [DBConnection.py:27] Connected successfully to DB: <connection object at 0x000001E5568DC9D0; dsn: 'user=postgres password=xxx dbname=Personas host=localhost port=5432', closed: 0>
01:11:21 PM: DEBUG [DBConnection.py:40] Cursor opened correctly <cursor object at 0x000001E55684AF80; closed: 0>
01:11:21 PM: DEBUG [DBConnection.py:40] Cursor opened correctly <cursor object at 0x000001E5583A0040; closed: 0>
01:12:07 PM: DEBUG [DBConnection.py:27] Connected successfully to DB: <connection object at 0x00000262C008FAB0; dsn: 'user=postgres password=xxx dbname=Personas host=localhost port=5432', closed: 0>
01:12:07 PM: DEBUG [DBConnection.py:40] Cursor opened correctly <cursor object at 0x00000262C0159620; closed: 0>
01:12:30 PM: DEBUG [DBConnection.py:40] Cursor opened correctly <cursor object at 0x00000262C01598C0; closed: 0>
01:13:18 PM: DEBUG [DBConnection.py:27] Connected successfully to DB: <connection object at 0x000001C4725D2460; dsn: 'user=postgres password=xxx dbname=Personas host=localhost port=5432', closed: 0>
01:13:18 PM: DEBUG [DBConnection.py:40] Cursor opened correctly <cursor object at 0x000001C4725E0AC0; closed: 0>
01:13:19 PM: DEBUG [DBConnection.py:40] Cursor opened correctly <cursor object at 0x000001C4725E0900; closed: 0>
01:13:19 PM: DEBUG [DBConnection.py:40] Cursor opened correctly <cursor object at 0x000001C4725E0BA0; closed: 0>
01:15:41 PM: DEBUG [DBConnection.py:40] Cursor opened correctly <cursor object at 0x000001C4725E0C80; closed: 0>
01:15:44 PM: DEBUG [DBConnection.py:40] Cursor opened correctly <cursor object at 0x000001C4725E0D60; closed: 0>
01:27:02 PM: DEBUG [DBConnection.py:27] Connected successfully to DB: <connection object at 0x0000024DCC645690; dsn: 'user=postgres password=xxx dbname=Personas host=localhost port=5432', closed: 0>
01:27:02 PM: DEBUG [DBConnection.py:40] Cursor opened correctly <cursor object at 0x0000024DCC710200; closed: 0>
01:27:42 PM: DEBUG [DBConnection.py:27] Connected successfully to DB: <connection object at 0x000001AB7697C150; dsn: 'user=postgres password=xxx dbname=Personas host=localhost port=5432', closed: 0>
01:27:42 PM: DEBUG [DBConnection.py:40] Cursor opened correctly <cursor object at 0x000001AB76949EE0; closed: 0>
01:28:32 PM: DEBUG [DBConnection.py:27] Connected successfully to DB: <connection object at 0x000002CBF1F68150; dsn: 'user=postgres password=xxx dbname=Personas host=localhost port=5432', closed: 0>
01:28:32 PM: DEBUG [DBConnection.py:40] Cursor opened correctly <cursor object at 0x000002CBF1F39FC0; closed: 0>
01:29:07 PM: DEBUG [DBConnection.py:27] Connected successfully to DB: <connection object at 0x0000020DD1BCE790; dsn: 'user=postgres password=xxx dbname=Personas host=localhost port=5432', closed: 0>
01:29:07 PM: DEBUG [DBConnection.py:40] Cursor opened correctly <cursor object at 0x0000020DD1BE3140; closed: 0>
01:32:10 PM: DEBUG [DBConnection.py:27] Connected successfully to DB: <connection object at 0x00000206D7A8E790; dsn: 'user=postgres password=xxx dbname=Personas host=localhost port=5432', closed: 0>
01:32:10 PM: DEBUG [DBConnection.py:40] Cursor opened correctly <cursor object at 0x00000206D7AA3140; closed: 0>
01:39:23 PM: DEBUG [DBConnection.py:27] Connected successfully to DB: <connection object at 0x000002067E64C370; dsn: 'user=postgres password=xxx dbname=Personas host=localhost port=5432', closed: 0>
01:39:23 PM: DEBUG [DBConnection.py:40] Cursor opened correctly <cursor object at 0x000002067E4DB4C0; closed: 0>
01:43:53 PM: DEBUG [DBConnection.py:27] Connected successfully to DB: <connection object at 0x000001E1A403A790; dsn: 'user=postgres password=xxx dbname=Personas host=localhost port=5432', closed: 0>
01:43:53 PM: DEBUG [DBConnection.py:40] Cursor opened correctly <cursor object at 0x000001E1A4052CE0; closed: 0>
01:45:15 PM: DEBUG [DBConnection.py:40] Cursor opened correctly <cursor object at 0x000001E1A40534C0; closed: 0>
01:47:22 PM: DEBUG [DBConnection.py:27] Connected successfully to DB: <connection object at 0x000002447191C370; dsn: 'user=postgres password=xxx dbname=Personas host=localhost port=5432', closed: 0>
01:47:22 PM: DEBUG [DBConnection.py:40] Cursor opened correctly <cursor object at 0x00000244717AB920; closed: 0>
02:01:07 PM: DEBUG [DBConnection.py:27] Connected successfully to DB: <connection object at 0x000001C3B9B3E790; dsn: 'user=postgres password=xxx dbname=Personas host=localhost port=5432', closed: 0>
02:01:07 PM: DEBUG [DBConnection.py:40] Cursor opened correctly <cursor object at 0x000001C3B9B52CE0; closed: 0>
02:01:28 PM: DEBUG [DBConnection.py:40] Cursor opened correctly <cursor object at 0x000001C3B9B53220; closed: 0>
02:01:49 PM: DEBUG [DBConnection.py:27] Connected successfully to DB: <connection object at 0x0000029C312CFAB0; dsn: 'user=postgres password=xxx dbname=Personas host=localhost port=5432', closed: 0>
02:01:49 PM: DEBUG [DBConnection.py:40] Cursor opened correctly <cursor object at 0x0000029C313644A0; closed: 0>
02:02:00 PM: DEBUG [DBConnection.py:27] Connected successfully to DB: <connection object at 0x000001EF9703FAB0; dsn: 'user=postgres password=xxx dbname=Personas host=localhost port=5432', closed: 0>
02:02:00 PM: DEBUG [DBConnection.py:40] Cursor opened correctly <cursor object at 0x000001EF96FCB140; closed: 0>
02:02:57 PM: DEBUG [DBConnection.py:27] Connected successfully to DB: <connection object at 0x00000192BA79FAB0; dsn: 'user=postgres password=xxx dbname=Personas host=localhost port=5432', closed: 0>
02:02:57 PM: DEBUG [DBConnection.py:40] Cursor opened correctly <cursor object at 0x00000192BA8344A0; closed: 0>
02:11:16 PM: DEBUG [DBConnection.py:27] Connected successfully to DB: <connection object at 0x0000017831B5C9D0; dsn: 'user=postgres password=xxx dbname=Personas host=localhost port=5432', closed: 0>
02:11:16 PM: DEBUG [DBConnection.py:40] Cursor opened correctly <cursor object at 0x0000017831ACBBC0; closed: 0>
02:11:23 PM: DEBUG [DBConnection.py:27] Connected successfully to DB: <connection object at 0x0000021F9A36C9D0; dsn: 'user=postgres password=xxx dbname=Personas host=localhost port=5432', closed: 0>
02:11:23 PM: DEBUG [DBConnection.py:40] Cursor opened correctly <cursor object at 0x0000021F9A2DBBC0; closed: 0>
02:11:29 PM: DEBUG [DBConnection.py:27] Connected successfully to DB: <connection object at 0x000001AFEB2BC9D0; dsn: 'user=postgres password=xxx dbname=Personas host=localhost port=5432', closed: 0>
02:11:29 PM: DEBUG [DBConnection.py:40] Cursor opened correctly <cursor object at 0x000001AFEB22BBC0; closed: 0>
02:14:29 PM: DEBUG [DBConnection.py:27] Connected successfully to DB: <connection object at 0x000002D23051E680; dsn: 'user=postgres password=xxx dbname=Personas host=localhost port=5432', closed: 0>
02:14:29 PM: DEBUG [DBConnection.py:40] Cursor opened correctly <cursor object at 0x000002D230532CE0; closed: 0>
02:14:43 PM: DEBUG [DBConnection.py:40] Cursor opened correctly <cursor object at 0x000002D230533220; closed: 0>
02:15:01 PM: DEBUG [DBConnection.py:40] Cursor opened correctly <cursor object at 0x000002D230533060; closed: 0>
02:15:15 PM: DEBUG [DBConnection.py:40] Cursor opened correctly <cursor object at 0x000002D2305334C0; closed: 0>
02:15:22 PM: DEBUG [DBConnection.py:27] Connected successfully to DB: <connection object at 0x0000024BFAF6E790; dsn: 'user=postgres password=xxx dbname=Personas host=localhost port=5432', closed: 0>
02:15:22 PM: DEBUG [DBConnection.py:40] Cursor opened correctly <cursor object at 0x0000024BFAF82CE0; closed: 0>
02:25:52 PM: DEBUG [DBConnection.py:40] Cursor opened correctly <cursor object at 0x0000024BFAF833E0; closed: 0>
03:24:47 PM: DEBUG [DBConnection.py:40] Cursor opened correctly <cursor object at 0x0000024BFAFABA00; closed: 0>
03:29:02 PM: DEBUG [DBConnection.py:40] Cursor opened correctly <cursor object at 0x0000024BFAFAAF80; closed: 0>
03:29:05 PM: DEBUG [DBConnection.py:40] Cursor opened correctly <cursor object at 0x0000024BFAFAADC0; closed: 0>
03:29:09 PM: DEBUG [DBConnection.py:40] Cursor opened correctly <cursor object at 0x0000024BFAFAB760; closed: 0>
03:29:12 PM: DEBUG [DBConnection.py:40] Cursor opened correctly <cursor object at 0x0000024BFAFAADC0; closed: 0>
03:57:21 PM: DEBUG [DBConnection.py:40] Cursor opened correctly <cursor object at 0x0000024BFAFAB300; closed: 0>
04:02:47 PM: DEBUG [DBConnection.py:27] Connected successfully to DB: <connection object at 0x0000026315FAABD0; dsn: 'user=postgres password=xxx dbname=Personas host=localhost port=5432', closed: 0>
04:02:47 PM: DEBUG [DBConnection.py:40] Cursor opened correctly <cursor object at 0x0000026315FC3920; closed: 0>
04:03:33 PM: DEBUG [DBConnection.py:40] Cursor opened correctly <cursor object at 0x0000026315FC3D80; closed: 0>
02:00:54 AM: DEBUG [DBConnection.py:27] Connected successfully to DB: <connection object at 0x000002C960B289D0; dsn: 'user=postgres password=xxx dbname=Personas host=localhost port=5432', closed: 0>
02:00:54 AM: DEBUG [DBConnection.py:40] Cursor opened correctly <cursor object at 0x000002C9609CF760; closed: 0>
02:05:15 AM: DEBUG [DBConnection.py:27] Connected successfully to DB: <connection object at 0x0000024D5DEE89D0; dsn: 'user=postgres password=xxx dbname=Personas host=localhost port=5432', closed: 0>
02:05:15 AM: DEBUG [DBConnection.py:40] Cursor opened correctly <cursor object at 0x0000024D5DD8F760; closed: 0>
02:05:46 AM: DEBUG [DBConnection.py:27] Connected successfully to DB: <connection object at 0x000002105C6189D0; dsn: 'user=postgres password=xxx dbname=Personas host=localhost port=5432', closed: 0>
02:05:46 AM: DEBUG [DBConnection.py:40] Cursor opened correctly <cursor object at 0x000002105C4BF760; closed: 0>
02:09:37 AM: DEBUG [DBConnection.py:27] Connected successfully to DB: <connection object at 0x000001B92C0389D0; dsn: 'user=postgres password=xxx dbname=Personas host=localhost port=5432', closed: 0>
02:09:37 AM: DEBUG [DBConnection.py:40] Cursor opened correctly <cursor object at 0x000001B92BEDF840; closed: 0>
02:15:05 AM: DEBUG [DBConnection.py:27] Connected successfully to DB: <connection object at 0x00000267CE0D89D0; dsn: 'user=postgres password=xxx dbname=Personas host=localhost port=5432', closed: 0>
02:15:05 AM: DEBUG [DBConnection.py:40] Cursor opened correctly <cursor object at 0x00000267CDEB99A0; closed: 0>
02:15:53 AM: DEBUG [DAO_Product.py:46] Product updated: 15
02:20:46 AM: DEBUG [DBConnection.py:27] Connected successfully to DB: <connection object at 0x000001C3833389D0; dsn: 'user=postgres password=xxx dbname=Personas host=localhost port=5432', closed: 0>
02:20:46 AM: DEBUG [DBConnection.py:40] Cursor opened correctly <cursor object at 0x000001C3831DF3E0; closed: 0>
02:21:24 AM: DEBUG [DBConnection.py:27] Connected successfully to DB: <connection object at 0x00000279C3E389D0; dsn: 'user=postgres password=xxx dbname=Personas host=localhost port=5432', closed: 0>
02:21:24 AM: DEBUG [DBConnection.py:40] Cursor opened correctly <cursor object at 0x00000279C3CDF840; closed: 0>
02:21:34 AM: DEBUG [DAO_Product.py:46] Product updated: 15
02:22:56 AM: DEBUG [Product.py:64] ID 1 | TITLE: Motosierra | CREATED AT 17/03/2023  
02:23:07 AM: DEBUG [DBConnection.py:27] Connected successfully to DB: <connection object at 0x00000292BFFFC040; dsn: 'user=postgres password=xxx dbname=Personas host=localhost port=5432', closed: 0>
02:23:07 AM: DEBUG [DBConnection.py:40] Cursor opened correctly <cursor object at 0x00000292BFA8EC00; closed: 0>
02:23:07 AM: DEBUG [DAO_Product.py:46] Product updated: 15
02:25:33 AM: DEBUG [DBConnection.py:27] Connected successfully to DB: <connection object at 0x0000015680082BD0; dsn: 'user=postgres password=xxx dbname=Personas host=localhost port=5432', closed: 0>
02:25:33 AM: DEBUG [DBConnection.py:40] Cursor opened correctly <cursor object at 0x00000156800975A0; closed: 0>
02:25:33 AM: DEBUG [DAO_Product.py:46] Product updated: 3
02:27:20 AM: DEBUG [DBConnection.py:40] Cursor opened correctly <cursor object at 0x0000015680097920; closed: 0>
02:27:20 AM: DEBUG [DAO_Product.py:49] Product you're trying to update doesnt exist: 999
